<?xml version="1.0" encoding="UTF-8"?>
<!-- Generated by org.testng.reporters.JUnitXMLReporter -->
<testsuite ignored="0" hostname="Villain" failures="0" tests="5" name="Default test" time="213.693" errors="0" timestamp="2024-12-09T10:03:30 IST">
  <testcase classname="Practice.amazonwithmultipledata" name="testcase" time="47.096"/>
  <testcase classname="Practice.amazonwithmultipledata" name="testcase" time="42.897"/>
  <testcase classname="Practice.amazonwithmultipledata" name="testcase" time="40.531"/>
  <testcase classname="Practice.amazonwithmultipledata" name="testcase" time="42.816"/>
  <testcase classname="Practice.amazonwithmultipledata" name="testcase" time="40.177"/>
</testsuite> <!-- Default test -->
