<?xml version="1.0" encoding="UTF-8"?>
<testng-results ignored="0" total="5" passed="5" failed="0" skipped="0">
  <reporter-output>
  </reporter-output>
  <suite started-at="2024-12-09T09:59:56 IST" name="Default suite" finished-at="2024-12-09T10:03:30 IST" duration-ms="213693">
    <groups>
    </groups>
    <test started-at="2024-12-09T09:59:56 IST" name="Default test" finished-at="2024-12-09T10:03:30 IST" duration-ms="213693">
      <class name="Practice.amazonwithmultipledata">
        <test-method signature="testcase(java.lang.String)[pri:0, instance:Practice.amazonwithmultipledata@7e0b85f9]" started-at="2024-12-09T09:59:56 IST" name="testcase" data-provider="data1" finished-at="2024-12-09T10:00:43 IST" duration-ms="47096" status="PASS">
          <params>
            <param index="0">
              <value>
                <![CDATA[shoes]]>
              </value>
            </param>
          </params>
          <reporter-output>
          </reporter-output>
        </test-method> <!-- testcase -->
        <test-method signature="testcase(java.lang.String)[pri:0, instance:Practice.amazonwithmultipledata@7e0b85f9]" started-at="2024-12-09T10:00:43 IST" name="testcase" data-provider="data1" finished-at="2024-12-09T10:01:26 IST" duration-ms="42897" status="PASS">
          <params>
            <param index="0">
              <value>
                <![CDATA[tshirt]]>
              </value>
            </param>
          </params>
          <reporter-output>
          </reporter-output>
        </test-method> <!-- testcase -->
        <test-method signature="testcase(java.lang.String)[pri:0, instance:Practice.amazonwithmultipledata@7e0b85f9]" started-at="2024-12-09T10:01:26 IST" name="testcase" data-provider="data1" finished-at="2024-12-09T10:02:07 IST" duration-ms="40531" status="PASS">
          <params>
            <param index="0">
              <value>
                <![CDATA[laptop]]>
              </value>
            </param>
          </params>
          <reporter-output>
          </reporter-output>
        </test-method> <!-- testcase -->
        <test-method signature="testcase(java.lang.String)[pri:0, instance:Practice.amazonwithmultipledata@7e0b85f9]" started-at="2024-12-09T10:02:07 IST" name="testcase" data-provider="data1" finished-at="2024-12-09T10:02:49 IST" duration-ms="42816" status="PASS">
          <params>
            <param index="0">
              <value>
                <![CDATA[maouse]]>
              </value>
            </param>
          </params>
          <reporter-output>
          </reporter-output>
        </test-method> <!-- testcase -->
        <test-method signature="testcase(java.lang.String)[pri:0, instance:Practice.amazonwithmultipledata@7e0b85f9]" started-at="2024-12-09T10:02:49 IST" name="testcase" data-provider="data1" finished-at="2024-12-09T10:03:30 IST" duration-ms="40177" status="PASS">
          <params>
            <param index="0">
              <value>
                <![CDATA[laptop]]>
              </value>
            </param>
          </params>
          <reporter-output>
          </reporter-output>
        </test-method> <!-- testcase -->
      </class> <!-- Practice.amazonwithmultipledata -->
    </test> <!-- Default test -->
  </suite> <!-- Default suite -->
</testng-results>
